[2025-02-12 08:49:35] local.ERROR: Error al conectar con la API de estado de dispositivos {"message":"cURL error 28: Operation timed out after 10013 milliseconds with 0 bytes received (see https://curl.haxx.se/libcurl/c/libcurl-errors.html) for https://open.iopgps.com/api/device/status?accessToken=a00c8013654c40549382ce5e5a5f510b&imei=000000007520645,000000007979028,350317174165740,350424068146420,358899057024229,358899057055967,865468050805897,865468051205253,865468051898461,865468051900812"} 
[2025-02-12 08:49:43] local.INFO: Procesando unidades:{"error":"Error al conectar con la API","code":0,"data":[{"imei":"865468051205527","status":"\u9759\u6b62","location":{"lng":"-78.569249","lat":"-9.077421"},"speed":0,"course":278,"accStatus":false,"licenseNumber":null,"endTime":1752641999,"platformEndTime":1754255706,"activateTime":1722716275,"statusTimeDesc":"4\u65f633\u520617\u79d2","signalTime":1739367961,"gpsTime":1739352063,"positionType":"GPS","isWireless":0,"account":{"accountId":10440349,"accountName":"PELAEST","userName":"NELSON E. SANCHEZ MU\u00d1OZ"}},{"imei":"865468051072158","status":"\u9759\u6b62","location":{"lng":"-79.097468","lat":"-8.088716"},"speed":0,"course":201,"accStatus":false,"licenseNumber":"BCK-237","endTime":1757884795,"platformEndTime":1757872216,"activateTime":1726331031,"statusTimeDesc":"1\u65f651\u520653\u79d2","signalTime":1739368167,"gpsTime":1739361281,"positionType":"GPS","isWireless":0,"account":{"accountId":10460321,"accountName":"JHFERAY","userName":"JHOAN F. OLIVO AYALA"}},{"imei":"865468051205162","status":"\u9759\u6b62","location":{"lng":"-78.583656","lat":"-9.068421"},"speed":0,"course":259,"accStatus":false,"licenseNumber":"H3G-800","endTime":1751587506,"platformEndTime":1751587506,"activateTime":1720046302,"statusTimeDesc":"59\u52066\u79d2","signalTime":1739368181,"gpsTime":1739368177,"positionType":"GPS","isWireless":0,"account":{"accountId":10426434,"accountName":"LEOAMR","userName":"ARMANDO LEON CABANILLAS"}},{"imei":"869671071357279","status":"\u9759\u6b62","location":{"lng":"-78.5362133","lat":"-9.1067266"},"speed":0,"course":29,"accStatus":false,"licenseNumber":"H1N-201","endTime":1758612014,"platformEndTime":1758612014,"activateTime":1727072107,"statusTimeDesc":"6\u65f638\u520658\u79d2","signalTime":1739368103,"gpsTime":1739368103,"positionType":"GPS","isWireless":0,"account":{"accountId":10494259,"accountName":"ANTOBRIGE","userName":"ANTONELLA B. GARCIA ENCINAS"}},{"imei":"865468051205303","status":"\u9759\u6b62","location":{"lng":"-78.589972","lat":"-9.068821"},"speed":9,"course":21,"accStatus":false,"licenseNumber":"AWN-297","endTime":1756408509,"platformEndTime":1756408509,"activateTime":1724852937,"statusTimeDesc":"12\u65f617\u520624\u79d2","signalTime":1739367887,"gpsTime":1739323758,"positionType":"GPS","isWireless":0,"account":{"accountId":10453422,"accountName":"MPAREP","userName":"MARIELA K. PAREDES PIZARRO"}},{"imei":"000009175587200","status":"\u9759\u6b62","location":{"lng":"-78.586498","lat":"-9.079328"},"speed":0,"course":194,"accStatus":false,"licenseNumber":"H3H-668","endTime":1769181907,"platformEndTime":1769181907,"activateTime":1737640574,"statusTimeDesc":"2\u65f634\u520656\u79d2","signalTime":1739368113,"gpsTime":1739368113,"positionType":"GPS","isWireless":0,"account":{"accountId":10504004,"accountName":"USTJAM","userName":"EUSTAQUIO J. ARIAS MORALES"}},{"imei":"000009175587213","status":"\u9759\u6b62","location":{"lng":"-78.581402","lat":"-9.073452"},"speed":0,"course":11,"accStatus":false,"licenseNumber":"H2R-560","endTime":1769101223,"platformEndTime":1769101223,"activateTime":1737549758,"statusTimeDesc":"47\u520653\u79d2","signalTime":1739368178,"gpsTime":1739368178,"positionType":"GPS","isWireless":0,"account":{"accountId":10504004,"accountName":"USTJAM","userName":"EUSTAQUIO J. ARIAS MORALES"}}]}  
[2025-02-12 08:49:43] local.INFO: Procesando unidad: 865468051072158-3.0166666666667  
[2025-02-12 08:51:22] local.INFO: Procesando unidades:{"code":0,"data":[{"imei":"865468051205527","status":"\u9759\u6b62","location":{"lng":"-78.569249","lat":"-9.077421"},"speed":0,"course":278,"accStatus":false,"licenseNumber":null,"endTime":1752641999,"platformEndTime":1754255706,"activateTime":1722716275,"statusTimeDesc":"4\u65f634\u520655\u79d2","signalTime":1739368262,"gpsTime":1739352063,"positionType":"GPS","isWireless":0,"account":{"accountId":10440349,"accountName":"PELAEST","userName":"NELSON E. SANCHEZ MU\u00d1OZ"}},{"imei":"865468051072158","status":"\u9759\u6b62","location":{"lng":"-79.097481","lat":"-8.088745"},"speed":0,"course":200,"accStatus":false,"licenseNumber":"BCK-237","endTime":1757884795,"platformEndTime":1757872216,"activateTime":1726331031,"statusTimeDesc":"1\u65f653\u520631\u79d2","signalTime":1739368214,"gpsTime":1739368214,"positionType":"GPS","isWireless":0,"account":{"accountId":10460321,"accountName":"JHFERAY","userName":"JHOAN F. OLIVO AYALA"}},{"imei":"865468051205162","status":"\u9759\u6b62","location":{"lng":"-78.583689","lat":"-9.068414"},"speed":0,"course":0,"accStatus":false,"licenseNumber":"H3G-800","endTime":1751587506,"platformEndTime":1751587506,"activateTime":1720046302,"statusTimeDesc":"1\u65f644\u79d2","signalTime":1739368267,"gpsTime":1739368267,"positionType":"GPS","isWireless":0,"account":{"accountId":10426434,"accountName":"LEOAMR","userName":"ARMANDO LEON CABANILLAS"}},{"imei":"869671071357279","status":"\u9759\u6b62","location":{"lng":"-78.5362133","lat":"-9.1067266"},"speed":0,"course":29,"accStatus":false,"licenseNumber":"H1N-201","endTime":1758612014,"platformEndTime":1758612014,"activateTime":1727072107,"statusTimeDesc":"6\u65f640\u520636\u79d2","signalTime":1739368103,"gpsTime":1739368103,"positionType":"GPS","isWireless":0,"account":{"accountId":10494259,"accountName":"ANTOBRIGE","userName":"ANTONELLA B. GARCIA ENCINAS"}},{"imei":"865468051205303","status":"\u9759\u6b62","location":{"lng":"-78.589972","lat":"-9.068821"},"speed":9,"course":21,"accStatus":false,"licenseNumber":"AWN-297","endTime":1756408509,"platformEndTime":1756408509,"activateTime":1724852937,"statusTimeDesc":"12\u65f619\u52062\u79d2","signalTime":1739368189,"gpsTime":1739323758,"positionType":"GPS","isWireless":0,"account":{"accountId":10453422,"accountName":"MPAREP","userName":"MARIELA K. PAREDES PIZARRO"}},{"imei":"000009175587200","status":"\u9759\u6b62","location":{"lng":"-78.586498","lat":"-9.079328"},"speed":0,"course":194,"accStatus":false,"licenseNumber":"H3H-668","endTime":1769181907,"platformEndTime":1769181907,"activateTime":1737640574,"statusTimeDesc":"2\u65f636\u520634\u79d2","signalTime":1739368113,"gpsTime":1739368113,"positionType":"GPS","isWireless":0,"account":{"accountId":10504004,"accountName":"USTJAM","userName":"EUSTAQUIO J. ARIAS MORALES"}},{"imei":"000009175587213","status":"\u9759\u6b62","location":{"lng":"-78.581402","lat":"-9.073452"},"speed":0,"course":11,"accStatus":false,"licenseNumber":"H2R-560","endTime":1769101223,"platformEndTime":1769101223,"activateTime":1737549758,"statusTimeDesc":"49\u520631\u79d2","signalTime":1739368178,"gpsTime":1739368178,"positionType":"GPS","isWireless":0,"account":{"accountId":10504004,"accountName":"USTJAM","userName":"EUSTAQUIO J. ARIAS MORALES"}}]}  
[2025-02-12 08:51:22] local.INFO: Procesando unidad: 865468051205527-5.0166666666667  
[2025-02-12 08:51:22] local.INFO: Procesando unidad: 865468051072158-3.8  
[2025-02-12 08:51:22] local.INFO: Procesando unidad: 865468051205162-7.1166666666667  
[2025-02-12 08:51:22] local.INFO: Procesando unidad: 869671071357279-3  
[2025-02-12 08:51:22] local.INFO: Procesando unidad: 865468051205303-5.0333333333333  
[2025-02-12 08:51:22] local.INFO: Procesando unidad: 000009175587213-10.016666666667  
[2025-02-12 08:51:22] local.ERROR: App\Jobs\ProcessUnitsJob has been attempted too many times. {"exception":"[object] (Illuminate\\Queue\\MaxAttemptsExceededException(code: 0): App\\Jobs\\ProcessUnitsJob has been attempted too many times. at C:\\laragon2\\www\\iopgps-webservices\\vendor\\laravel\\framework\\src\\Illuminate\\Queue\\MaxAttemptsExceededException.php:24)
[stacktrace]
#0 C:\\laragon2\\www\\iopgps-webservices\\vendor\\laravel\\framework\\src\\Illuminate\\Queue\\Worker.php(794): Illuminate\\Queue\\MaxAttemptsExceededException::forJob(Object(Illuminate\\Queue\\Jobs\\RedisJob))
#1 C:\\laragon2\\www\\iopgps-webservices\\vendor\\laravel\\framework\\src\\Illuminate\\Queue\\Worker.php(528): Illuminate\\Queue\\Worker->maxAttemptsExceededException(Object(Illuminate\\Queue\\Jobs\\RedisJob))
#2 C:\\laragon2\\www\\iopgps-webservices\\vendor\\laravel\\framework\\src\\Illuminate\\Queue\\Worker.php(431): Illuminate\\Queue\\Worker->markJobAsFailedIfAlreadyExceedsMaxAttempts('redis', Object(Illuminate\\Queue\\Jobs\\RedisJob), 1)
#3 C:\\laragon2\\www\\iopgps-webservices\\vendor\\laravel\\framework\\src\\Illuminate\\Queue\\Worker.php(392): Illuminate\\Queue\\Worker->process('redis', Object(Illuminate\\Queue\\Jobs\\RedisJob), Object(Illuminate\\Queue\\WorkerOptions))
#4 C:\\laragon2\\www\\iopgps-webservices\\vendor\\laravel\\framework\\src\\Illuminate\\Queue\\Worker.php(178): Illuminate\\Queue\\Worker->runJob(Object(Illuminate\\Queue\\Jobs\\RedisJob), 'redis', Object(Illuminate\\Queue\\WorkerOptions))
#5 C:\\laragon2\\www\\iopgps-webservices\\vendor\\laravel\\framework\\src\\Illuminate\\Queue\\Console\\WorkCommand.php(149): Illuminate\\Queue\\Worker->daemon('redis', 'web-services', Object(Illuminate\\Queue\\WorkerOptions))
#6 C:\\laragon2\\www\\iopgps-webservices\\vendor\\laravel\\framework\\src\\Illuminate\\Queue\\Console\\WorkCommand.php(132): Illuminate\\Queue\\Console\\WorkCommand->runWorker('redis', 'web-services')
#7 C:\\laragon2\\www\\iopgps-webservices\\vendor\\laravel\\framework\\src\\Illuminate\\Container\\BoundMethod.php(36): Illuminate\\Queue\\Console\\WorkCommand->handle()
#8 C:\\laragon2\\www\\iopgps-webservices\\vendor\\laravel\\framework\\src\\Illuminate\\Container\\Util.php(43): Illuminate\\Container\\BoundMethod::Illuminate\\Container\\{closure}()
#9 C:\\laragon2\\www\\iopgps-webservices\\vendor\\laravel\\framework\\src\\Illuminate\\Container\\BoundMethod.php(95): Illuminate\\Container\\Util::unwrapIfClosure(Object(Closure))
#10 C:\\laragon2\\www\\iopgps-webservices\\vendor\\laravel\\framework\\src\\Illuminate\\Container\\BoundMethod.php(35): Illuminate\\Container\\BoundMethod::callBoundMethod(Object(Illuminate\\Foundation\\Application), Array, Object(Closure))
#11 C:\\laragon2\\www\\iopgps-webservices\\vendor\\laravel\\framework\\src\\Illuminate\\Container\\Container.php(694): Illuminate\\Container\\BoundMethod::call(Object(Illuminate\\Foundation\\Application), Array, Array, NULL)
#12 C:\\laragon2\\www\\iopgps-webservices\\vendor\\laravel\\framework\\src\\Illuminate\\Console\\Command.php(213): Illuminate\\Container\\Container->call(Array)
#13 C:\\laragon2\\www\\iopgps-webservices\\vendor\\symfony\\console\\Command\\Command.php(279): Illuminate\\Console\\Command->execute(Object(Symfony\\Component\\Console\\Input\\ArgvInput), Object(Illuminate\\Console\\OutputStyle))
#14 C:\\laragon2\\www\\iopgps-webservices\\vendor\\laravel\\framework\\src\\Illuminate\\Console\\Command.php(182): Symfony\\Component\\Console\\Command\\Command->run(Object(Symfony\\Component\\Console\\Input\\ArgvInput), Object(Illuminate\\Console\\OutputStyle))
#15 C:\\laragon2\\www\\iopgps-webservices\\vendor\\symfony\\console\\Application.php(1094): Illuminate\\Console\\Command->run(Object(Symfony\\Component\\Console\\Input\\ArgvInput), Object(Symfony\\Component\\Console\\Output\\ConsoleOutput))
#16 C:\\laragon2\\www\\iopgps-webservices\\vendor\\symfony\\console\\Application.php(342): Symfony\\Component\\Console\\Application->doRunCommand(Object(Illuminate\\Queue\\Console\\WorkCommand), Object(Symfony\\Component\\Console\\Input\\ArgvInput), Object(Symfony\\Component\\Console\\Output\\ConsoleOutput))
#17 C:\\laragon2\\www\\iopgps-webservices\\vendor\\symfony\\console\\Application.php(193): Symfony\\Component\\Console\\Application->doRun(Object(Symfony\\Component\\Console\\Input\\ArgvInput), Object(Symfony\\Component\\Console\\Output\\ConsoleOutput))
#18 C:\\laragon2\\www\\iopgps-webservices\\vendor\\laravel\\framework\\src\\Illuminate\\Foundation\\Console\\Kernel.php(198): Symfony\\Component\\Console\\Application->run(Object(Symfony\\Component\\Console\\Input\\ArgvInput), Object(Symfony\\Component\\Console\\Output\\ConsoleOutput))
#19 C:\\laragon2\\www\\iopgps-webservices\\vendor\\laravel\\framework\\src\\Illuminate\\Foundation\\Application.php(1231): Illuminate\\Foundation\\Console\\Kernel->handle(Object(Symfony\\Component\\Console\\Input\\ArgvInput), Object(Symfony\\Component\\Console\\Output\\ConsoleOutput))
#20 C:\\laragon2\\www\\iopgps-webservices\\artisan(13): Illuminate\\Foundation\\Application->handleCommand(Object(Symfony\\Component\\Console\\Input\\ArgvInput))
#21 {main}
"} 
[2025-02-12 08:54:57] local.INFO: Procesando unidades:{"code":0,"data":[{"imei":"865468051205527","status":"\u9759\u6b62","location":{"lng":"-78.569249","lat":"-9.077421"},"speed":0,"course":278,"accStatus":false,"licenseNumber":null,"endTime":1752641999,"platformEndTime":1754255706,"activateTime":1722716275,"statusTimeDesc":"4\u65f638\u520632\u79d2","signalTime":1739368262,"gpsTime":1739352063,"positionType":"GPS","isWireless":0,"account":{"accountId":10440349,"accountName":"PELAEST","userName":"NELSON E. SANCHEZ MU\u00d1OZ"}},{"imei":"865468051072158","status":"\u9759\u6b62","location":{"lng":"-79.097481","lat":"-8.088745"},"speed":0,"course":200,"accStatus":false,"licenseNumber":"BCK-237","endTime":1757884795,"platformEndTime":1757872216,"activateTime":1726331031,"statusTimeDesc":"1\u65f657\u52068\u79d2","signalTime":1739368347,"gpsTime":1739368214,"positionType":"GPS","isWireless":0,"account":{"accountId":10460321,"accountName":"JHFERAY","userName":"JHOAN F. OLIVO AYALA"}},{"imei":"865468051205162","status":"\u9759\u6b62","location":{"lng":"-78.583690","lat":"-9.068417"},"speed":0,"course":0,"accStatus":false,"licenseNumber":"H3G-800","endTime":1751587506,"platformEndTime":1751587506,"activateTime":1720046302,"statusTimeDesc":"1\u65f64\u520621\u79d2","signalTime":1739368315,"gpsTime":1739368297,"positionType":"GPS","isWireless":0,"account":{"accountId":10426434,"accountName":"LEOAMR","userName":"ARMANDO LEON CABANILLAS"}},{"imei":"869671071357279","status":"\u9759\u6b62","location":{"lng":"-78.5362133","lat":"-9.1067266"},"speed":0,"course":29,"accStatus":false,"licenseNumber":"H1N-201","endTime":1758612014,"platformEndTime":1758612014,"activateTime":1727072107,"statusTimeDesc":"6\u65f644\u520613\u79d2","signalTime":1739368463,"gpsTime":1739368463,"positionType":"GPS","isWireless":0,"account":{"accountId":10494259,"accountName":"ANTOBRIGE","userName":"ANTONELLA B. GARCIA ENCINAS"}},{"imei":"865468051205303","status":"\u9759\u6b62","location":{"lng":"-78.589972","lat":"-9.068821"},"speed":9,"course":21,"accStatus":false,"licenseNumber":"AWN-297","endTime":1756408509,"platformEndTime":1756408509,"activateTime":1724852937,"statusTimeDesc":"12\u65f622\u520639\u79d2","signalTime":1739368490,"gpsTime":1739323758,"positionType":"GPS","isWireless":0,"account":{"accountId":10453422,"accountName":"MPAREP","userName":"MARIELA K. PAREDES PIZARRO"}},{"imei":"000009175587200","status":"\u9759\u6b62","location":{"lng":"-78.586498","lat":"-9.079328"},"speed":0,"course":194,"accStatus":false,"licenseNumber":"H3H-668","endTime":1769181907,"platformEndTime":1769181907,"activateTime":1737640574,"statusTimeDesc":"2\u65f640\u520611\u79d2","signalTime":1739368474,"gpsTime":1739368474,"positionType":"GPS","isWireless":0,"account":{"accountId":10504004,"accountName":"USTJAM","userName":"EUSTAQUIO J. ARIAS MORALES"}},{"imei":"000009175587213","status":"\u9759\u6b62","location":{"lng":"-78.581402","lat":"-9.073452"},"speed":0,"course":11,"accStatus":false,"licenseNumber":"H2R-560","endTime":1769101223,"platformEndTime":1769101223,"activateTime":1737549758,"statusTimeDesc":"53\u52068\u79d2","signalTime":1739368358,"gpsTime":1739368358,"positionType":"GPS","isWireless":0,"account":{"accountId":10504004,"accountName":"USTJAM","userName":"EUSTAQUIO J. ARIAS MORALES"}}]}  
[2025-02-12 08:54:57] local.INFO: Procesando unidad: 865468051205527-5.0166666666667  
[2025-02-12 08:54:57] local.INFO: Procesando unidad: 865468051072158-6.0166666666667  
[2025-02-12 08:54:57] local.INFO: Procesando unidad: 865468051205162-7.9166666666667  
[2025-02-12 08:54:57] local.INFO: Procesando unidad: 869671071357279-9  
[2025-02-12 08:54:57] local.INFO: Procesando unidad: 865468051205303-10.05  
[2025-02-12 08:54:57] local.INFO: Procesando unidad: 000009175587200-6.0166666666667  
[2025-02-12 08:54:57] local.INFO: Procesando unidad: 000009175587213-13.016666666667  
[2025-02-12 08:55:00] local.ERROR: App\Jobs\ReenviarHistorial has been attempted too many times. {"exception":"[object] (Illuminate\\Queue\\MaxAttemptsExceededException(code: 0): App\\Jobs\\ReenviarHistorial has been attempted too many times. at C:\\laragon2\\www\\iopgps-webservices\\vendor\\laravel\\framework\\src\\Illuminate\\Queue\\MaxAttemptsExceededException.php:24)
[stacktrace]
#0 C:\\laragon2\\www\\iopgps-webservices\\vendor\\laravel\\framework\\src\\Illuminate\\Queue\\Worker.php(794): Illuminate\\Queue\\MaxAttemptsExceededException::forJob(Object(Illuminate\\Queue\\Jobs\\RedisJob))
#1 C:\\laragon2\\www\\iopgps-webservices\\vendor\\laravel\\framework\\src\\Illuminate\\Queue\\Worker.php(528): Illuminate\\Queue\\Worker->maxAttemptsExceededException(Object(Illuminate\\Queue\\Jobs\\RedisJob))
#2 C:\\laragon2\\www\\iopgps-webservices\\vendor\\laravel\\framework\\src\\Illuminate\\Queue\\Worker.php(431): Illuminate\\Queue\\Worker->markJobAsFailedIfAlreadyExceedsMaxAttempts('redis', Object(Illuminate\\Queue\\Jobs\\RedisJob), 1)
#3 C:\\laragon2\\www\\iopgps-webservices\\vendor\\laravel\\framework\\src\\Illuminate\\Queue\\Worker.php(392): Illuminate\\Queue\\Worker->process('redis', Object(Illuminate\\Queue\\Jobs\\RedisJob), Object(Illuminate\\Queue\\WorkerOptions))
#4 C:\\laragon2\\www\\iopgps-webservices\\vendor\\laravel\\framework\\src\\Illuminate\\Queue\\Worker.php(178): Illuminate\\Queue\\Worker->runJob(Object(Illuminate\\Queue\\Jobs\\RedisJob), 'redis', Object(Illuminate\\Queue\\WorkerOptions))
#5 C:\\laragon2\\www\\iopgps-webservices\\vendor\\laravel\\framework\\src\\Illuminate\\Queue\\Console\\WorkCommand.php(149): Illuminate\\Queue\\Worker->daemon('redis', 'default', Object(Illuminate\\Queue\\WorkerOptions))
#6 C:\\laragon2\\www\\iopgps-webservices\\vendor\\laravel\\framework\\src\\Illuminate\\Queue\\Console\\WorkCommand.php(132): Illuminate\\Queue\\Console\\WorkCommand->runWorker('redis', 'default')
#7 C:\\laragon2\\www\\iopgps-webservices\\vendor\\laravel\\framework\\src\\Illuminate\\Container\\BoundMethod.php(36): Illuminate\\Queue\\Console\\WorkCommand->handle()
#8 C:\\laragon2\\www\\iopgps-webservices\\vendor\\laravel\\framework\\src\\Illuminate\\Container\\Util.php(43): Illuminate\\Container\\BoundMethod::Illuminate\\Container\\{closure}()
#9 C:\\laragon2\\www\\iopgps-webservices\\vendor\\laravel\\framework\\src\\Illuminate\\Container\\BoundMethod.php(95): Illuminate\\Container\\Util::unwrapIfClosure(Object(Closure))
#10 C:\\laragon2\\www\\iopgps-webservices\\vendor\\laravel\\framework\\src\\Illuminate\\Container\\BoundMethod.php(35): Illuminate\\Container\\BoundMethod::callBoundMethod(Object(Illuminate\\Foundation\\Application), Array, Object(Closure))
#11 C:\\laragon2\\www\\iopgps-webservices\\vendor\\laravel\\framework\\src\\Illuminate\\Container\\Container.php(694): Illuminate\\Container\\BoundMethod::call(Object(Illuminate\\Foundation\\Application), Array, Array, NULL)
#12 C:\\laragon2\\www\\iopgps-webservices\\vendor\\laravel\\framework\\src\\Illuminate\\Console\\Command.php(213): Illuminate\\Container\\Container->call(Array)
#13 C:\\laragon2\\www\\iopgps-webservices\\vendor\\symfony\\console\\Command\\Command.php(279): Illuminate\\Console\\Command->execute(Object(Symfony\\Component\\Console\\Input\\ArgvInput), Object(Illuminate\\Console\\OutputStyle))
#14 C:\\laragon2\\www\\iopgps-webservices\\vendor\\laravel\\framework\\src\\Illuminate\\Console\\Command.php(182): Symfony\\Component\\Console\\Command\\Command->run(Object(Symfony\\Component\\Console\\Input\\ArgvInput), Object(Illuminate\\Console\\OutputStyle))
#15 C:\\laragon2\\www\\iopgps-webservices\\vendor\\symfony\\console\\Application.php(1094): Illuminate\\Console\\Command->run(Object(Symfony\\Component\\Console\\Input\\ArgvInput), Object(Symfony\\Component\\Console\\Output\\ConsoleOutput))
#16 C:\\laragon2\\www\\iopgps-webservices\\vendor\\symfony\\console\\Application.php(342): Symfony\\Component\\Console\\Application->doRunCommand(Object(Illuminate\\Queue\\Console\\WorkCommand), Object(Symfony\\Component\\Console\\Input\\ArgvInput), Object(Symfony\\Component\\Console\\Output\\ConsoleOutput))
#17 C:\\laragon2\\www\\iopgps-webservices\\vendor\\symfony\\console\\Application.php(193): Symfony\\Component\\Console\\Application->doRun(Object(Symfony\\Component\\Console\\Input\\ArgvInput), Object(Symfony\\Component\\Console\\Output\\ConsoleOutput))
#18 C:\\laragon2\\www\\iopgps-webservices\\vendor\\laravel\\framework\\src\\Illuminate\\Foundation\\Console\\Kernel.php(198): Symfony\\Component\\Console\\Application->run(Object(Symfony\\Component\\Console\\Input\\ArgvInput), Object(Symfony\\Component\\Console\\Output\\ConsoleOutput))
#19 C:\\laragon2\\www\\iopgps-webservices\\vendor\\laravel\\framework\\src\\Illuminate\\Foundation\\Application.php(1231): Illuminate\\Foundation\\Console\\Kernel->handle(Object(Symfony\\Component\\Console\\Input\\ArgvInput), Object(Symfony\\Component\\Console\\Output\\ConsoleOutput))
#20 C:\\laragon2\\www\\iopgps-webservices\\artisan(13): Illuminate\\Foundation\\Application->handleCommand(Object(Symfony\\Component\\Console\\Input\\ArgvInput))
#21 {main}
"} 
[2025-02-12 08:55:00] local.ERROR: App\Jobs\ReenviarHistorial has been attempted too many times. {"exception":"[object] (Illuminate\\Queue\\MaxAttemptsExceededException(code: 0): App\\Jobs\\ReenviarHistorial has been attempted too many times. at C:\\laragon2\\www\\iopgps-webservices\\vendor\\laravel\\framework\\src\\Illuminate\\Queue\\MaxAttemptsExceededException.php:24)
[stacktrace]
#0 C:\\laragon2\\www\\iopgps-webservices\\vendor\\laravel\\framework\\src\\Illuminate\\Queue\\Worker.php(794): Illuminate\\Queue\\MaxAttemptsExceededException::forJob(Object(Illuminate\\Queue\\Jobs\\RedisJob))
#1 C:\\laragon2\\www\\iopgps-webservices\\vendor\\laravel\\framework\\src\\Illuminate\\Queue\\Worker.php(528): Illuminate\\Queue\\Worker->maxAttemptsExceededException(Object(Illuminate\\Queue\\Jobs\\RedisJob))
#2 C:\\laragon2\\www\\iopgps-webservices\\vendor\\laravel\\framework\\src\\Illuminate\\Queue\\Worker.php(431): Illuminate\\Queue\\Worker->markJobAsFailedIfAlreadyExceedsMaxAttempts('redis', Object(Illuminate\\Queue\\Jobs\\RedisJob), 1)
#3 C:\\laragon2\\www\\iopgps-webservices\\vendor\\laravel\\framework\\src\\Illuminate\\Queue\\Worker.php(392): Illuminate\\Queue\\Worker->process('redis', Object(Illuminate\\Queue\\Jobs\\RedisJob), Object(Illuminate\\Queue\\WorkerOptions))
#4 C:\\laragon2\\www\\iopgps-webservices\\vendor\\laravel\\framework\\src\\Illuminate\\Queue\\Worker.php(178): Illuminate\\Queue\\Worker->runJob(Object(Illuminate\\Queue\\Jobs\\RedisJob), 'redis', Object(Illuminate\\Queue\\WorkerOptions))
#5 C:\\laragon2\\www\\iopgps-webservices\\vendor\\laravel\\framework\\src\\Illuminate\\Queue\\Console\\WorkCommand.php(149): Illuminate\\Queue\\Worker->daemon('redis', 'default', Object(Illuminate\\Queue\\WorkerOptions))
#6 C:\\laragon2\\www\\iopgps-webservices\\vendor\\laravel\\framework\\src\\Illuminate\\Queue\\Console\\WorkCommand.php(132): Illuminate\\Queue\\Console\\WorkCommand->runWorker('redis', 'default')
#7 C:\\laragon2\\www\\iopgps-webservices\\vendor\\laravel\\framework\\src\\Illuminate\\Container\\BoundMethod.php(36): Illuminate\\Queue\\Console\\WorkCommand->handle()
#8 C:\\laragon2\\www\\iopgps-webservices\\vendor\\laravel\\framework\\src\\Illuminate\\Container\\Util.php(43): Illuminate\\Container\\BoundMethod::Illuminate\\Container\\{closure}()
#9 C:\\laragon2\\www\\iopgps-webservices\\vendor\\laravel\\framework\\src\\Illuminate\\Container\\BoundMethod.php(95): Illuminate\\Container\\Util::unwrapIfClosure(Object(Closure))
#10 C:\\laragon2\\www\\iopgps-webservices\\vendor\\laravel\\framework\\src\\Illuminate\\Container\\BoundMethod.php(35): Illuminate\\Container\\BoundMethod::callBoundMethod(Object(Illuminate\\Foundation\\Application), Array, Object(Closure))
#11 C:\\laragon2\\www\\iopgps-webservices\\vendor\\laravel\\framework\\src\\Illuminate\\Container\\Container.php(694): Illuminate\\Container\\BoundMethod::call(Object(Illuminate\\Foundation\\Application), Array, Array, NULL)
#12 C:\\laragon2\\www\\iopgps-webservices\\vendor\\laravel\\framework\\src\\Illuminate\\Console\\Command.php(213): Illuminate\\Container\\Container->call(Array)
#13 C:\\laragon2\\www\\iopgps-webservices\\vendor\\symfony\\console\\Command\\Command.php(279): Illuminate\\Console\\Command->execute(Object(Symfony\\Component\\Console\\Input\\ArgvInput), Object(Illuminate\\Console\\OutputStyle))
#14 C:\\laragon2\\www\\iopgps-webservices\\vendor\\laravel\\framework\\src\\Illuminate\\Console\\Command.php(182): Symfony\\Component\\Console\\Command\\Command->run(Object(Symfony\\Component\\Console\\Input\\ArgvInput), Object(Illuminate\\Console\\OutputStyle))
#15 C:\\laragon2\\www\\iopgps-webservices\\vendor\\symfony\\console\\Application.php(1094): Illuminate\\Console\\Command->run(Object(Symfony\\Component\\Console\\Input\\ArgvInput), Object(Symfony\\Component\\Console\\Output\\ConsoleOutput))
#16 C:\\laragon2\\www\\iopgps-webservices\\vendor\\symfony\\console\\Application.php(342): Symfony\\Component\\Console\\Application->doRunCommand(Object(Illuminate\\Queue\\Console\\WorkCommand), Object(Symfony\\Component\\Console\\Input\\ArgvInput), Object(Symfony\\Component\\Console\\Output\\ConsoleOutput))
#17 C:\\laragon2\\www\\iopgps-webservices\\vendor\\symfony\\console\\Application.php(193): Symfony\\Component\\Console\\Application->doRun(Object(Symfony\\Component\\Console\\Input\\ArgvInput), Object(Symfony\\Component\\Console\\Output\\ConsoleOutput))
#18 C:\\laragon2\\www\\iopgps-webservices\\vendor\\laravel\\framework\\src\\Illuminate\\Foundation\\Console\\Kernel.php(198): Symfony\\Component\\Console\\Application->run(Object(Symfony\\Component\\Console\\Input\\ArgvInput), Object(Symfony\\Component\\Console\\Output\\ConsoleOutput))
#19 C:\\laragon2\\www\\iopgps-webservices\\vendor\\laravel\\framework\\src\\Illuminate\\Foundation\\Application.php(1231): Illuminate\\Foundation\\Console\\Kernel->handle(Object(Symfony\\Component\\Console\\Input\\ArgvInput), Object(Symfony\\Component\\Console\\Output\\ConsoleOutput))
#20 C:\\laragon2\\www\\iopgps-webservices\\artisan(13): Illuminate\\Foundation\\Application->handleCommand(Object(Symfony\\Component\\Console\\Input\\ArgvInput))
#21 {main}
"} 
